  bullet.cpp
C:\Users\aesqu\OneDrive\Desktop\Other Lang\AdvancedProgramming\Sum21\AEsquivelCPPA3_1\SDLGame\SDLGame\bullet.cpp(28,16): warning C4244: '=': conversion from 'float' to 'int', possible loss of data
C:\Users\aesqu\OneDrive\Desktop\Other Lang\AdvancedProgramming\Sum21\AEsquivelCPPA3_1\SDLGame\SDLGame\bullet.cpp(29,14): warning C4244: '=': conversion from 'float' to 'int', possible loss of data
C:\Users\aesqu\OneDrive\Desktop\Other Lang\AdvancedProgramming\Sum21\AEsquivelCPPA3_1\SDLGame\SDLGame\bullet.cpp(46,17): warning C4244: '=': conversion from 'int' to 'float', possible loss of data
C:\Users\aesqu\OneDrive\Desktop\Other Lang\AdvancedProgramming\Sum21\AEsquivelCPPA3_1\SDLGame\SDLGame\bullet.cpp(47,17): warning C4244: '=': conversion from 'int' to 'float', possible loss of data
C:\Users\aesqu\OneDrive\Desktop\Other Lang\AdvancedProgramming\Sum21\AEsquivelCPPA3_1\SDLGame\SDLGame\bullet.cpp(61,19): warning C4244: '=': conversion from 'int' to 'float', possible loss of data
  enemy.cpp
C:\Users\aesqu\OneDrive\Desktop\Other Lang\AdvancedProgramming\Sum21\AEsquivelCPPA3_1\SDLGame\SDLGame\enemy.cpp(28,23): warning C4244: '=': conversion from 'int' to 'float', possible loss of data
C:\Users\aesqu\OneDrive\Desktop\Other Lang\AdvancedProgramming\Sum21\AEsquivelCPPA3_1\SDLGame\SDLGame\enemy.cpp(35,17): warning C4244: '=': conversion from 'int' to 'float', possible loss of data
C:\Users\aesqu\OneDrive\Desktop\Other Lang\AdvancedProgramming\Sum21\AEsquivelCPPA3_1\SDLGame\SDLGame\enemy.cpp(36,17): warning C4244: '=': conversion from 'int' to 'float', possible loss of data
  main.cpp
C:\Users\aesqu\OneDrive\Desktop\Other Lang\AdvancedProgramming\Sum21\AEsquivelCPPA3_1\SDLGame\SDLGame\main.cpp(30,10): warning C4067: unexpected tokens following preprocessor directive - expected a newline
C:\Users\aesqu\OneDrive\Desktop\Other Lang\AdvancedProgramming\Sum21\AEsquivelCPPA3_1\SDLGame\SDLGame\main.cpp(62,37): warning C4244: '=': conversion from 'float' to 'int', possible loss of data
C:\Users\aesqu\OneDrive\Desktop\Other Lang\AdvancedProgramming\Sum21\AEsquivelCPPA3_1\SDLGame\SDLGame\main.cpp(71,35): warning C4244: '=': conversion from 'int' to 'float', possible loss of data
C:\Users\aesqu\OneDrive\Desktop\Other Lang\AdvancedProgramming\Sum21\AEsquivelCPPA3_1\SDLGame\SDLGame\main.cpp(228,40): warning C4244: 'argument': conversion from 'int' to 'float', possible loss of data
C:\Users\aesqu\OneDrive\Desktop\Other Lang\AdvancedProgramming\Sum21\AEsquivelCPPA3_1\SDLGame\SDLGame\main.cpp(228,33): warning C4244: 'argument': conversion from 'int' to 'float', possible loss of data
C:\Users\aesqu\OneDrive\Desktop\Other Lang\AdvancedProgramming\Sum21\AEsquivelCPPA3_1\SDLGame\SDLGame\main.cpp(568,19): warning C4244: '=': conversion from 'int' to 'float', possible loss of data
C:\Users\aesqu\OneDrive\Desktop\Other Lang\AdvancedProgramming\Sum21\AEsquivelCPPA3_1\SDLGame\SDLGame\main.cpp(831,20): warning C4244: '=': conversion from 'int' to 'float', possible loss of data
  pickup.cpp
C:\Users\aesqu\OneDrive\Desktop\Other Lang\AdvancedProgramming\Sum21\AEsquivelCPPA3_1\SDLGame\SDLGame\pickup.cpp(9,23): warning C4244: '=': conversion from 'int' to 'float', possible loss of data
C:\Users\aesqu\OneDrive\Desktop\Other Lang\AdvancedProgramming\Sum21\AEsquivelCPPA3_1\SDLGame\SDLGame\pickup.cpp(41,17): warning C4244: '=': conversion from 'int' to 'float', possible loss of data
C:\Users\aesqu\OneDrive\Desktop\Other Lang\AdvancedProgramming\Sum21\AEsquivelCPPA3_1\SDLGame\SDLGame\pickup.cpp(42,17): warning C4244: '=': conversion from 'int' to 'float', possible loss of data
C:\Users\aesqu\OneDrive\Desktop\Other Lang\AdvancedProgramming\Sum21\AEsquivelCPPA3_1\SDLGame\SDLGame\pickup.cpp(56,17): warning C4244: '=': conversion from 'int' to 'float', possible loss of data
C:\Users\aesqu\OneDrive\Desktop\Other Lang\AdvancedProgramming\Sum21\AEsquivelCPPA3_1\SDLGame\SDLGame\pickup.cpp(57,17): warning C4244: '=': conversion from 'int' to 'float', possible loss of data
C:\Users\aesqu\OneDrive\Desktop\Other Lang\AdvancedProgramming\Sum21\AEsquivelCPPA3_1\SDLGame\SDLGame\pickup.cpp(71,18): warning C4244: '=': conversion from 'int' to 'float', possible loss of data
C:\Users\aesqu\OneDrive\Desktop\Other Lang\AdvancedProgramming\Sum21\AEsquivelCPPA3_1\SDLGame\SDLGame\pickup.cpp(72,18): warning C4244: '=': conversion from 'int' to 'float', possible loss of data
C:\Users\aesqu\OneDrive\Desktop\Other Lang\AdvancedProgramming\Sum21\AEsquivelCPPA3_1\SDLGame\SDLGame\pickup.cpp(74,24): warning C4244: '=': conversion from 'int' to 'float', possible loss of data
  Generating Code...
  SDLGame.vcxproj -> C:\Users\aesqu\OneDrive\Desktop\Other Lang\AdvancedProgramming\Sum21\AEsquivelCPPA3_1\SDLGame\x64\Debug\SDLGame.exe
